Using pre-set license
Built from '2021.3/staging' branch; Version is '2021.3.11f1 (0a5ca18544bf) revision 679073'; Using compiler version '192829333'; Build Type 'Release'
OS: 'Windows 10  (10.0.19045) 64bit Professional' Language: 'ru' Physical Memory: 16200 MB
BatchMode: 1, IsHumanControllingUs: 0, StartBugReporterOnCrash: 0, Is64bit: 1, IsPro: 1

COMMAND LINE ARGUMENTS:
E:\frondEndDevelopers\UnityEditor\2021.3.11f1\Editor\Unity.exe
-adb2
-batchMode
-noUpm
-name
AssetImportWorker10
-projectPath
D:/Tests/novell/Новая папка/MyNovell_2.0
-logFile
Logs/AssetImportWorker10.log
-srvPort
50277
Successfully changed project path to: D:/Tests/novell/Новая папка/MyNovell_2.0
D:/Tests/novell/Новая папка/MyNovell_2.0
[UnityMemory] Configuration Parameters - Can be set up in boot.config
    "memorysetup-bucket-allocator-granularity=16"
    "memorysetup-bucket-allocator-bucket-count=8"
    "memorysetup-bucket-allocator-block-size=33554432"
    "memorysetup-bucket-allocator-block-count=8"
    "memorysetup-main-allocator-block-size=16777216"
    "memorysetup-thread-allocator-block-size=16777216"
    "memorysetup-gfx-main-allocator-block-size=16777216"
    "memorysetup-gfx-thread-allocator-block-size=16777216"
    "memorysetup-cache-allocator-block-size=4194304"
    "memorysetup-typetree-allocator-block-size=2097152"
    "memorysetup-profiler-bucket-allocator-granularity=16"
    "memorysetup-profiler-bucket-allocator-bucket-count=8"
    "memorysetup-profiler-bucket-allocator-block-size=33554432"
    "memorysetup-profiler-bucket-allocator-block-count=8"
    "memorysetup-profiler-allocator-block-size=16777216"
    "memorysetup-profiler-editor-allocator-block-size=1048576"
    "memorysetup-temp-allocator-size-main=16777216"
    "memorysetup-job-temp-allocator-block-size=2097152"
    "memorysetup-job-temp-allocator-block-size-background=1048576"
    "memorysetup-job-temp-allocator-reduction-small-platforms=262144"
    "memorysetup-temp-allocator-size-background-worker=32768"
    "memorysetup-temp-allocator-size-job-worker=262144"
    "memorysetup-temp-allocator-size-preload-manager=33554432"
    "memorysetup-temp-allocator-size-nav-mesh-worker=65536"
    "memorysetup-temp-allocator-size-audio-worker=65536"
    "memorysetup-temp-allocator-size-cloud-worker=32768"
    "memorysetup-temp-allocator-size-gi-baking-worker=262144"
    "memorysetup-temp-allocator-size-gfx=262144"
Refreshing native plugins compatible for Editor in 109.49 ms, found 4 plugins.
Preloading 0 native plugins for Editor in 0.00 ms.
Initialize engine version: 2021.3.11f1 (0a5ca18544bf)
[Subsystems] Discovering subsystems at path E:/frondEndDevelopers/UnityEditor/2021.3.11f1/Editor/Data/Resources/UnitySubsystems
[Subsystems] Discovering subsystems at path D:/Tests/novell/Новая папка/MyNovell_2.0/Assets
GfxDevice: creating device client; threaded=0; jobified=0
Direct3D:
    Version:  Direct3D 11.0 [level 11.1]
    Renderer: NVIDIA GeForce RTX 2070 (ID=0x1f14)
    Vendor:   NVIDIA
    VRAM:     8006 MB
    Driver:   32.0.15.6636
Initialize mono
Mono path[0] = 'E:/frondEndDevelopers/UnityEditor/2021.3.11f1/Editor/Data/Managed'
Mono path[1] = 'E:/frondEndDevelopers/UnityEditor/2021.3.11f1/Editor/Data/MonoBleedingEdge/lib/mono/unityjit-win32'
Mono config path = 'E:/frondEndDevelopers/UnityEditor/2021.3.11f1/Editor/Data/MonoBleedingEdge/etc'
Using monoOptions --debugger-agent=transport=dt_socket,embedding=1,server=y,suspend=n,address=127.0.0.1:56256
Begin MonoManager ReloadAssembly
Registering precompiled unity dll's ...
Register platform support module: E:/frondEndDevelopers/UnityEditor/2021.3.11f1/Editor/Data/PlaybackEngines/AndroidPlayer/UnityEditor.Android.Extensions.dll
Register platform support module: E:/frondEndDevelopers/UnityEditor/2021.3.11f1/Editor/Data/PlaybackEngines/WindowsStandaloneSupport/UnityEditor.WindowsStandalone.Extensions.dll
Registered in 0.002580 seconds.
Native extension for WindowsStandalone target not found
Native extension for Android target not found
Refreshing native plugins compatible for Editor in 102.07 ms, found 4 plugins.
Preloading 0 native plugins for Editor in 0.00 ms.
Mono: successfully reloaded assembly
- Completed reload, in  0.688 seconds
Domain Reload Profiling:
	ReloadAssembly (689ms)
		BeginReloadAssembly (67ms)
			ExecutionOrderSort (0ms)
			DisableScriptedObjects (0ms)
			BackupInstance (0ms)
			ReleaseScriptingObjects (0ms)
			CreateAndSetChildDomain (1ms)
		EndReloadAssembly (531ms)
			LoadAssemblies (67ms)
			RebuildTransferFunctionScriptingTraits (0ms)
			SetupTypeCache (121ms)
			ReleaseScriptCaches (0ms)
			RebuildScriptCaches (33ms)
			SetupLoadedEditorAssemblies (323ms)
				LogAssemblyErrors (0ms)
				InitializePlatformSupportModulesInManaged (57ms)
				SetLoadedEditorAssemblies (0ms)
				RefreshPlugins (102ms)
				BeforeProcessingInitializeOnLoad (2ms)
				ProcessInitializeOnLoadAttributes (108ms)
				ProcessInitializeOnLoadMethodAttributes (53ms)
				AfterProcessingInitializeOnLoad (0ms)
				EditorAssembliesLoaded (0ms)
			ExecutionOrderSort2 (0ms)
			AwakeInstancesAfterBackupRestoration (0ms)
Platform modules already initialized, skipping
Registering precompiled user dll's ...
Registered in 0.006897 seconds.
Begin MonoManager ReloadAssembly
Symbol file LoadedFromMemory doesn't match image D:\Tests\novell\Новая папка\MyNovell_2.0\Library\PackageCache\com.unity.visualscripting@1.7.8\Editor\VisualScripting.Core\Dependencies\YamlDotNet\Unity.VisualScripting.YamlDotNet.dll
Symbol file LoadedFromMemory doesn't match image D:\Tests\novell\Новая папка\MyNovell_2.0\Library\PackageCache\com.unity.visualscripting@1.7.8\Editor\VisualScripting.Core\Dependencies\DotNetZip\Unity.VisualScripting.IonicZip.dll
Native extension for WindowsStandalone target not found
Native extension for Android target not found
Refreshing native plugins compatible for Editor in 103.86 ms, found 4 plugins.
Preloading 0 native plugins for Editor in 0.00 ms.
DisplayProgressbar: Generating Metadata
Mono: successfully reloaded assembly
- Completed reload, in  3.382 seconds
Domain Reload Profiling:
	ReloadAssembly (3382ms)
		BeginReloadAssembly (227ms)
			ExecutionOrderSort (0ms)
			DisableScriptedObjects (8ms)
			BackupInstance (0ms)
			ReleaseScriptingObjects (0ms)
			CreateAndSetChildDomain (138ms)
		EndReloadAssembly (3047ms)
			LoadAssemblies (83ms)
			RebuildTransferFunctionScriptingTraits (0ms)
			SetupTypeCache (331ms)
			ReleaseScriptCaches (1ms)
			RebuildScriptCaches (83ms)
			SetupLoadedEditorAssemblies (2510ms)
				LogAssemblyErrors (0ms)
				InitializePlatformSupportModulesInManaged (12ms)
				SetLoadedEditorAssemblies (0ms)
				RefreshPlugins (104ms)
				BeforeProcessingInitializeOnLoad (100ms)
				ProcessInitializeOnLoadAttributes (343ms)
				ProcessInitializeOnLoadMethodAttributes (1949ms)
				AfterProcessingInitializeOnLoad (2ms)
				EditorAssembliesLoaded (0ms)
			ExecutionOrderSort2 (0ms)
			AwakeInstancesAfterBackupRestoration (4ms)
Platform modules already initialized, skipping
========================================================================
Worker process is ready to serve import requests
Launched and connected shader compiler UnityShaderCompiler.exe after 0.03 seconds
Refreshing native plugins compatible for Editor in 0.83 ms, found 4 plugins.
Preloading 0 native plugins for Editor in 0.00 ms.
Unloading 5061 Unused Serialized files (Serialized files now loaded: 0)
Unloading 66 unused Assets / (83.6 KB). Loaded Objects now: 5493.
Memory consumption went from 182.0 MB to 181.9 MB.
Total: 4.784800 ms (FindLiveObjects: 0.369600 ms CreateObjectMapping: 0.398900 ms MarkObjects: 3.901500 ms  DeleteObjects: 0.114100 ms)

AssetImportParameters requested are different than current active one (requested -> active):
  custom:video-decoder-ogg-theora: a1e56fd34408186e4bbccfd4996cb3dc -> 
  custom:container-muxer-webm: aa71ff27fc2769a1b78a27578f13a17b -> 
  custom:container-demuxer-webm: 4f35f7cbe854078d1ac9338744f61a02 -> 
  custom:video-encoder-webm-vp8: eb34c28f22e8b96e1ab97ce403110664 -> 
  custom:audio-encoder-webm-vorbis: bf7c407c2cedff20999df2af8eb42d56 -> 
  custom:framework-win-MediaFoundation: 216162199b28c13a410421893ffa2e32 -> 
  custom:container-demuxer-ogg: 62fdf1f143b41e24485cea50d1cbac27 -> 
  custom:video-decoder-webm-vp8: 9c59270c3fd7afecdb556c50c9e8de78 -> 
  custom:audio-decoder-ogg-vorbis: bf7c407c2cedff20999df2af8eb42d56 -> 
========================================================================
Received Import Request.
  Time since last request: 9017.725535 seconds.
  path: Packages/com.unity.2d.animation/Editor/Assets/SkinningModule/Icons/Light/Create Bones@4x.png
  artifactKey: Guid(f618c5fe13b18994aa5aee8b97d8dca1) Importer(815301076,1909f56bfc062723c751e8b465ee728b)
Start importing Packages/com.unity.2d.animation/Editor/Assets/SkinningModule/Icons/Light/Create Bones@4x.png using Guid(f618c5fe13b18994aa5aee8b97d8dca1) Importer(815301076,1909f56bfc062723c751e8b465ee728b)  -> (artifact id: '4fef0512990ae3b85c020c2675bc457f') in 0.324313 seconds 
========================================================================
Received Import Request.
  Time since last request: 0.000018 seconds.
  path: Packages/com.unity.2d.animation/Editor/Assets/SkinningModule/Icons/Light/Create_Edge@2x.png
  artifactKey: Guid(3b4e88f5705085042a95960cdcef2561) Importer(815301076,1909f56bfc062723c751e8b465ee728b)
Start importing Packages/com.unity.2d.animation/Editor/Assets/SkinningModule/Icons/Light/Create_Edge@2x.png using Guid(3b4e88f5705085042a95960cdcef2561) Importer(815301076,1909f56bfc062723c751e8b465ee728b)  -> (artifact id: '6951a597792ea8156e4ac6faa75c1045') in 0.139929 seconds 
========================================================================
Received Import Request.
  Time since last request: 0.000021 seconds.
  path: Packages/com.unity.2d.animation/Editor/Assets/SkinningModule/Icons/Light/Create_Vertex@3x.png
  artifactKey: Guid(66fa19194577350438c952106f661c2f) Importer(815301076,1909f56bfc062723c751e8b465ee728b)
Start importing Packages/com.unity.2d.animation/Editor/Assets/SkinningModule/Icons/Light/Create_Vertex@3x.png using Guid(66fa19194577350438c952106f661c2f) Importer(815301076,1909f56bfc062723c751e8b465ee728b)  -> (artifact id: '10c9b134eda571b769d3ea3d70b8249d') in 0.087053 seconds 
========================================================================
Received Import Request.
  Time since last request: 0.000018 seconds.
  path: Assets/DTT/Minigame - Memory/Demo/Sprites/CardSprites/Card Unique 7.png
  artifactKey: Guid(a120d1b14fe0e794ba16c492b619008f) Importer(815301076,1909f56bfc062723c751e8b465ee728b)
Start importing Assets/DTT/Minigame - Memory/Demo/Sprites/CardSprites/Card Unique 7.png using Guid(a120d1b14fe0e794ba16c492b619008f) Importer(815301076,1909f56bfc062723c751e8b465ee728b)  -> (artifact id: '0dc6cede5551cd504213ad69d68b2213') in 0.089451 seconds 
========================================================================
Received Import Request.
  Time since last request: 0.000016 seconds.
  path: Packages/com.unity.2d.animation/Editor/Assets/SkinningModule/Icons/Selected/Create_Edge@4x.png
  artifactKey: Guid(3458c119c69e9bc4f9647599c2901dee) Importer(815301076,1909f56bfc062723c751e8b465ee728b)
Start importing Packages/com.unity.2d.animation/Editor/Assets/SkinningModule/Icons/Selected/Create_Edge@4x.png using Guid(3458c119c69e9bc4f9647599c2901dee) Importer(815301076,1909f56bfc062723c751e8b465ee728b)  -> (artifact id: 'd7c16903f8b00b4f69991a255f88be71') in 0.085423 seconds 
========================================================================
Received Import Request.
  Time since last request: 0.000023 seconds.
  path: Packages/com.unity.2d.animation/Editor/Assets/SkinningModule/Icons/Selected/Copy@2x.png
  artifactKey: Guid(6cc5103edc9f0dd4f80e8274c73dfeac) Importer(815301076,1909f56bfc062723c751e8b465ee728b)
Start importing Packages/com.unity.2d.animation/Editor/Assets/SkinningModule/Icons/Selected/Copy@2x.png using Guid(6cc5103edc9f0dd4f80e8274c73dfeac) Importer(815301076,1909f56bfc062723c751e8b465ee728b)  -> (artifact id: '2c8a907d313f841e178e38d50839f9c3') in 0.155907 seconds 
========================================================================
Received Import Request.
  Time since last request: 6.958899 seconds.
  path: Assets/Fantasy Cyberpunk UI Pack/Cyberpunk UI Resources/SlicedElements/3MapSelect/Btn_Previous1_p.png
  artifactKey: Guid(7e86facee783ec849aade0d15c0e03a3) Importer(815301076,1909f56bfc062723c751e8b465ee728b)
Start importing Assets/Fantasy Cyberpunk UI Pack/Cyberpunk UI Resources/SlicedElements/3MapSelect/Btn_Previous1_p.png using Guid(7e86facee783ec849aade0d15c0e03a3) Importer(815301076,1909f56bfc062723c751e8b465ee728b)  -> (artifact id: 'dcfab14dadab5efbb205de4a00da25c3') in 0.292535 seconds 
========================================================================
Received Import Request.
  Time since last request: 0.000020 seconds.
  path: Packages/com.unity.collab-proxy/Editor/PlasticSCM/Assets/Images/d_iconundo.png
  artifactKey: Guid(691dc543ff5b9ca44bf846657ba04161) Importer(815301076,1909f56bfc062723c751e8b465ee728b)
Start importing Packages/com.unity.collab-proxy/Editor/PlasticSCM/Assets/Images/d_iconundo.png using Guid(691dc543ff5b9ca44bf846657ba04161) Importer(815301076,1909f56bfc062723c751e8b465ee728b)  -> (artifact id: '53df0fe2b13b5bbe430537ae0788fd1a') in 0.491481 seconds 
========================================================================
Received Import Request.
  Time since last request: 0.000022 seconds.
  path: Assets/Fantasy Cyberpunk UI Pack/Cyberpunk UI Resources/SlicedElements/Components2/Icon0000.png
  artifactKey: Guid(00f1214269fd6024c9dbb2e293aaa985) Importer(815301076,1909f56bfc062723c751e8b465ee728b)
Start importing Assets/Fantasy Cyberpunk UI Pack/Cyberpunk UI Resources/SlicedElements/Components2/Icon0000.png using Guid(00f1214269fd6024c9dbb2e293aaa985) Importer(815301076,1909f56bfc062723c751e8b465ee728b)  -> (artifact id: '96e37528c0f578d53b556eeefd39840c') in 0.448375 seconds 
========================================================================
Received Import Request.
  Time since last request: 0.000018 seconds.
  path: Packages/com.unity.collab-proxy/Editor/PlasticSCM/Assets/Images/buttonssosigninunity.png
  artifactKey: Guid(f9161c6c9e06dc445ada3ee16d991f90) Importer(815301076,1909f56bfc062723c751e8b465ee728b)
Start importing Packages/com.unity.collab-proxy/Editor/PlasticSCM/Assets/Images/buttonssosigninunity.png using Guid(f9161c6c9e06dc445ada3ee16d991f90) Importer(815301076,1909f56bfc062723c751e8b465ee728b)  -> (artifact id: '993dab16a79c581ed8eedc9c31266f2c') in 0.169439 seconds 
========================================================================
Received Import Request.
  Time since last request: 0.000020 seconds.
  path: Packages/com.unity.collab-proxy/Editor/PlasticSCM/Assets/Images/d_iconcheckedoutlocaloverlay.png
  artifactKey: Guid(bb1928aff4fd4cf44af1f629dc14ef9b) Importer(815301076,1909f56bfc062723c751e8b465ee728b)
Start importing Packages/com.unity.collab-proxy/Editor/PlasticSCM/Assets/Images/d_iconcheckedoutlocaloverlay.png using Guid(bb1928aff4fd4cf44af1f629dc14ef9b) Importer(815301076,1909f56bfc062723c751e8b465ee728b)  -> (artifact id: 'b871c8ebc8797dfdf63f004b721c13b5') in 0.114170 seconds 
========================================================================
Received Import Request.
  Time since last request: 0.000066 seconds.
  path: Packages/com.unity.collab-proxy/Editor/PlasticSCM/Assets/Images/d_iconconflictedoverlay.png
  artifactKey: Guid(a892bcc7ae1871447926b3c44d158763) Importer(815301076,1909f56bfc062723c751e8b465ee728b)
Start importing Packages/com.unity.collab-proxy/Editor/PlasticSCM/Assets/Images/d_iconconflictedoverlay.png using Guid(a892bcc7ae1871447926b3c44d158763) Importer(815301076,1909f56bfc062723c751e8b465ee728b)  -> (artifact id: '090fe1e7276e10348047dc7e5955f196') in 0.237202 seconds 
========================================================================
Received Import Request.
  Time since last request: 0.000020 seconds.
  path: Assets/Fantasy Cyberpunk UI Pack/Cyberpunk UI Resources/SlicedElements/Icons_White/Icon_Again256.png
  artifactKey: Guid(7f47194412143cd4da257cc75c20dcf3) Importer(815301076,1909f56bfc062723c751e8b465ee728b)
Start importing Assets/Fantasy Cyberpunk UI Pack/Cyberpunk UI Resources/SlicedElements/Icons_White/Icon_Again256.png using Guid(7f47194412143cd4da257cc75c20dcf3) Importer(815301076,1909f56bfc062723c751e8b465ee728b)  -> (artifact id: 'aa55911b936afafb9df963f8864c0ac0') in 0.052300 seconds 
========================================================================
Received Import Request.
  Time since last request: 0.000015 seconds.
  path: Packages/com.unity.collab-proxy/Editor/PlasticSCM/Assets/Images/d_iconaddedlocal@2x.png
  artifactKey: Guid(02800fb9cff14da47a04572790384d8b) Importer(815301076,1909f56bfc062723c751e8b465ee728b)
Start importing Packages/com.unity.collab-proxy/Editor/PlasticSCM/Assets/Images/d_iconaddedlocal@2x.png using Guid(02800fb9cff14da47a04572790384d8b) Importer(815301076,1909f56bfc062723c751e8b465ee728b)  -> (artifact id: '74ce092c85ddd41583b340f30bcb3c45') in 0.076661 seconds 
========================================================================
Received Import Request.
  Time since last request: 0.000018 seconds.
  path: Assets/Fantasy Cyberpunk UI Pack/Cyberpunk UI Resources/SlicedElements/Icons0/Icon_Avatar1.png
  artifactKey: Guid(6f5ab23259753994aa0688b323874c04) Importer(815301076,1909f56bfc062723c751e8b465ee728b)
Start importing Assets/Fantasy Cyberpunk UI Pack/Cyberpunk UI Resources/SlicedElements/Icons0/Icon_Avatar1.png using Guid(6f5ab23259753994aa0688b323874c04) Importer(815301076,1909f56bfc062723c751e8b465ee728b)  -> (artifact id: '8b02edaac2737f59d0de4ba1f51da544') in 0.102188 seconds 
========================================================================
Received Import Request.
  Time since last request: 0.000025 seconds.
  path: Packages/com.unity.collab-proxy/Editor/PlasticSCM/Assets/Images/d_iconconflicted@2x.png
  artifactKey: Guid(65f0e363b74cf5845ab8c3fbc14f39ac) Importer(815301076,1909f56bfc062723c751e8b465ee728b)
Start importing Packages/com.unity.collab-proxy/Editor/PlasticSCM/Assets/Images/d_iconconflicted@2x.png using Guid(65f0e363b74cf5845ab8c3fbc14f39ac) Importer(815301076,1909f56bfc062723c751e8b465ee728b)  -> (artifact id: '3b40fe5b68ff7a5cba9acffded0d7889') in 0.070822 seconds 
========================================================================
Received Import Request.
  Time since last request: 0.000020 seconds.
  path: Packages/com.unity.collab-proxy/Editor/PlasticSCM/Assets/Images/d_iconlockedlocaloverlay.png
  artifactKey: Guid(71c45f80bffdb9145ad2c456254c862e) Importer(815301076,1909f56bfc062723c751e8b465ee728b)
Start importing Packages/com.unity.collab-proxy/Editor/PlasticSCM/Assets/Images/d_iconlockedlocaloverlay.png using Guid(71c45f80bffdb9145ad2c456254c862e) Importer(815301076,1909f56bfc062723c751e8b465ee728b)  -> (artifact id: '639b65977d78c365878f717eb1528a1e') in 0.096546 seconds 
========================================================================
Received Import Request.
  Time since last request: 0.000025 seconds.
  path: Packages/com.unity.collab-proxy/Editor/PlasticSCM/Assets/Images/d_iconplasticviewnotify@2x.png
  artifactKey: Guid(64eb0648ca0d11944a9517d8662508fd) Importer(815301076,1909f56bfc062723c751e8b465ee728b)
Start importing Packages/com.unity.collab-proxy/Editor/PlasticSCM/Assets/Images/d_iconplasticviewnotify@2x.png using Guid(64eb0648ca0d11944a9517d8662508fd) Importer(815301076,1909f56bfc062723c751e8b465ee728b)  -> (artifact id: '3ec55c0ea8edf7f17a98f055629ac7ad') in 0.086007 seconds 
========================================================================
Received Import Request.
  Time since last request: 0.000014 seconds.
  path: Packages/com.unity.collab-proxy/Editor/PlasticSCM/Assets/Images/d_icondeletedlocaloverlay@2x.png
  artifactKey: Guid(92b204cca46037444ab18ba6701f86f7) Importer(815301076,1909f56bfc062723c751e8b465ee728b)
Start importing Packages/com.unity.collab-proxy/Editor/PlasticSCM/Assets/Images/d_icondeletedlocaloverlay@2x.png using Guid(92b204cca46037444ab18ba6701f86f7) Importer(815301076,1909f56bfc062723c751e8b465ee728b)  -> (artifact id: '5a51488d47cef505cb4611ff7cbe8267') in 0.116957 seconds 
========================================================================
Received Import Request.
  Time since last request: 0.000018 seconds.
  path: Packages/com.unity.collab-proxy/Editor/PlasticSCM/Assets/Images/d_iconplasticview@2x.png
  artifactKey: Guid(3168140d6f409d0448447f18568d9482) Importer(815301076,1909f56bfc062723c751e8b465ee728b)
Start importing Packages/com.unity.collab-proxy/Editor/PlasticSCM/Assets/Images/d_iconplasticview@2x.png using Guid(3168140d6f409d0448447f18568d9482) Importer(815301076,1909f56bfc062723c751e8b465ee728b)  -> (artifact id: '223c2e57baf2d9d5f58ee3af08abd73b') in 0.142297 seconds 
========================================================================
Received Import Request.
  Time since last request: 0.000021 seconds.
  path: Packages/com.unity.collab-proxy/Editor/PlasticSCM/Assets/Images/d_iconconflictresolvedoverlay.png
  artifactKey: Guid(056ee72c467a4e24d87541d42839ca72) Importer(815301076,1909f56bfc062723c751e8b465ee728b)
Start importing Packages/com.unity.collab-proxy/Editor/PlasticSCM/Assets/Images/d_iconconflictresolvedoverlay.png using Guid(056ee72c467a4e24d87541d42839ca72) Importer(815301076,1909f56bfc062723c751e8b465ee728b)  -> (artifact id: 'cabe862712fd367bf0309e235a7f14b1') in 0.069739 seconds 
========================================================================
Received Import Request.
  Time since last request: 0.000016 seconds.
  path: Packages/com.unity.collab-proxy/Editor/PlasticSCM/Assets/Images/d_iconlockedremoteoverlay.png
  artifactKey: Guid(1046ed65e6aaffb4391378f6d08d6c14) Importer(815301076,1909f56bfc062723c751e8b465ee728b)
Start importing Packages/com.unity.collab-proxy/Editor/PlasticSCM/Assets/Images/d_iconlockedremoteoverlay.png using Guid(1046ed65e6aaffb4391378f6d08d6c14) Importer(815301076,1909f56bfc062723c751e8b465ee728b)  -> (artifact id: 'ade67fafa6a17e15a0033bccbd751754') in 0.089157 seconds 
========================================================================
Received Import Request.
  Time since last request: 0.000017 seconds.
  path: Packages/com.unity.collab-proxy/Editor/PlasticSCM/Assets/Images/d_iconbranch.png
  artifactKey: Guid(612c5e166a121e3449dad067fbdc37a4) Importer(815301076,1909f56bfc062723c751e8b465ee728b)
Start importing Packages/com.unity.collab-proxy/Editor/PlasticSCM/Assets/Images/d_iconbranch.png using Guid(612c5e166a121e3449dad067fbdc37a4) Importer(815301076,1909f56bfc062723c751e8b465ee728b)  -> (artifact id: 'c55e3852a27862662ffeea46f6933a4d') in 0.064572 seconds 
========================================================================
Received Import Request.
  Time since last request: 0.000023 seconds.
  path: Packages/com.unity.collab-proxy/Editor/PlasticSCM/Assets/Images/d_iconaddedlocal.png
  artifactKey: Guid(0c6a2a64ca9f9c946a7dbbd1674cf5bd) Importer(815301076,1909f56bfc062723c751e8b465ee728b)
Start importing Packages/com.unity.collab-proxy/Editor/PlasticSCM/Assets/Images/d_iconaddedlocal.png using Guid(0c6a2a64ca9f9c946a7dbbd1674cf5bd) Importer(815301076,1909f56bfc062723c751e8b465ee728b)  -> (artifact id: 'e6be35379f0331cc89be4a10bfbf8edd') in 0.176170 seconds 
========================================================================
Received Import Request.
  Time since last request: 0.000017 seconds.
  path: Packages/com.unity.collab-proxy/Editor/PlasticSCM/Assets/Images/d_iconplasticnotifyincoming@2x.png
  artifactKey: Guid(c5fc116b3271b5947808130b2212cd60) Importer(815301076,1909f56bfc062723c751e8b465ee728b)
Start importing Packages/com.unity.collab-proxy/Editor/PlasticSCM/Assets/Images/d_iconplasticnotifyincoming@2x.png using Guid(c5fc116b3271b5947808130b2212cd60) Importer(815301076,1909f56bfc062723c751e8b465ee728b)  -> (artifact id: '458e8c9d6badb23e55e9c71700aafae2') in 0.151329 seconds 
========================================================================
Received Import Request.
  Time since last request: 0.000018 seconds.
  path: Packages/com.unity.collab-proxy/Editor/PlasticSCM/Assets/Images/d_iconlockedremoteoverlay@2x.png
  artifactKey: Guid(2bb4e96f5d0b02c468932d665a015c54) Importer(815301076,1909f56bfc062723c751e8b465ee728b)
Start importing Packages/com.unity.collab-proxy/Editor/PlasticSCM/Assets/Images/d_iconlockedremoteoverlay@2x.png using Guid(2bb4e96f5d0b02c468932d665a015c54) Importer(815301076,1909f56bfc062723c751e8b465ee728b)  -> (artifact id: '1d97b36d2ef485372273bac83969774c') in 0.174406 seconds 
========================================================================
Received Import Request.
  Time since last request: 0.000022 seconds.
  path: Assets/DTT/Minigame - Memory/Demo/Sprites/Icon home.png
  artifactKey: Guid(c7515cf01a499e549b564f24473e5d2c) Importer(815301076,1909f56bfc062723c751e8b465ee728b)
Start importing Assets/DTT/Minigame - Memory/Demo/Sprites/Icon home.png using Guid(c7515cf01a499e549b564f24473e5d2c) Importer(815301076,1909f56bfc062723c751e8b465ee728b)  -> (artifact id: '1d69323508e22e52b55bbbe90a84171d') in 0.091719 seconds 
========================================================================
Received Import Request.
  Time since last request: 0.000020 seconds.
  path: Packages/com.unity.collab-proxy/Editor/PlasticSCM/Assets/Images/d_iconprivateoverlay@2x.png
  artifactKey: Guid(7f854f490da24e54f9e8383e446b5d81) Importer(815301076,1909f56bfc062723c751e8b465ee728b)
Start importing Packages/com.unity.collab-proxy/Editor/PlasticSCM/Assets/Images/d_iconprivateoverlay@2x.png using Guid(7f854f490da24e54f9e8383e446b5d81) Importer(815301076,1909f56bfc062723c751e8b465ee728b)  -> (artifact id: '19e2dd5359140b2cec224cb028ce9a8c') in 0.069606 seconds 
========================================================================
Received Import Request.
  Time since last request: 0.000019 seconds.
  path: Packages/com.unity.collab-proxy/Editor/PlasticSCM/Assets/Images/d_iconconflictedoverlay@2x.png
  artifactKey: Guid(a3ced8f7044b9de4787602a9e9b20ea7) Importer(815301076,1909f56bfc062723c751e8b465ee728b)
Start importing Packages/com.unity.collab-proxy/Editor/PlasticSCM/Assets/Images/d_iconconflictedoverlay@2x.png using Guid(a3ced8f7044b9de4787602a9e9b20ea7) Importer(815301076,1909f56bfc062723c751e8b465ee728b)  -> (artifact id: 'fc5378edc42b303fa7f2c16f738fadf3') in 0.180623 seconds 
========================================================================
Received Import Request.
  Time since last request: 0.000020 seconds.
  path: Packages/com.unity.collab-proxy/Editor/PlasticSCM/Assets/Images/d_iconplasticnotifyincoming.png
  artifactKey: Guid(f31d2c855644aad4cb2030bce12859f6) Importer(815301076,1909f56bfc062723c751e8b465ee728b)
Start importing Packages/com.unity.collab-proxy/Editor/PlasticSCM/Assets/Images/d_iconplasticnotifyincoming.png using Guid(f31d2c855644aad4cb2030bce12859f6) Importer(815301076,1909f56bfc062723c751e8b465ee728b)  -> (artifact id: 'f59b543e909a1955cfbc3a38d2f99034') in 0.087119 seconds 
========================================================================
Received Import Request.
  Time since last request: 3.977544 seconds.
  path: Assets/Prefabs/MapItemView.prefab
  artifactKey: Guid(5dde172099559ab439682e8e501661d7) Importer(815301076,1909f56bfc062723c751e8b465ee728b)
Start importing Assets/Prefabs/MapItemView.prefab using Guid(5dde172099559ab439682e8e501661d7) Importer(815301076,1909f56bfc062723c751e8b465ee728b)  -> (artifact id: 'b6d8351dab8f7dd68d4ba7620773b98b') in 0.463916 seconds 
========================================================================
Received Import Request.
  Time since last request: 6.321112 seconds.
  path: Assets/Prefabs/MapItemView.prefab
  artifactKey: Guid(5dde172099559ab439682e8e501661d7) Importer(815301076,1909f56bfc062723c751e8b465ee728b)
Start importing Assets/Prefabs/MapItemView.prefab using Guid(5dde172099559ab439682e8e501661d7) Importer(815301076,1909f56bfc062723c751e8b465ee728b)  -> (artifact id: '00574f7f7b220fc323ff34049b1944de') in 0.006364 seconds 
========================================================================
Received Import Request.
  Time since last request: 4.216949 seconds.
  path: Assets/Fantasy Cyberpunk UI Pack/Cyberpunk UI Resources/SlicedElements/Icons_White/Icon_Close256.png
  artifactKey: Guid(919c8242e66b6c447a0fea201bfa8d17) Importer(815301076,1909f56bfc062723c751e8b465ee728b)
Start importing Assets/Fantasy Cyberpunk UI Pack/Cyberpunk UI Resources/SlicedElements/Icons_White/Icon_Close256.png using Guid(919c8242e66b6c447a0fea201bfa8d17) Importer(815301076,1909f56bfc062723c751e8b465ee728b)  -> (artifact id: 'db8aada68685962b18a14f932caebb87') in 0.090714 seconds 
========================================================================
Received Import Request.
  Time since last request: 0.000018 seconds.
  path: Assets/Fantasy Cyberpunk UI Pack/Cyberpunk UI Resources/SlicedElements/Icons0/Icon_Example1.png
  artifactKey: Guid(3647b12baa22d50448ff02b0c6a1855b) Importer(815301076,1909f56bfc062723c751e8b465ee728b)
Start importing Assets/Fantasy Cyberpunk UI Pack/Cyberpunk UI Resources/SlicedElements/Icons0/Icon_Example1.png using Guid(3647b12baa22d50448ff02b0c6a1855b) Importer(815301076,1909f56bfc062723c751e8b465ee728b)  -> (artifact id: '5354a07ab38e0cd9cfc2f30538cb3694') in 0.122585 seconds 
========================================================================
Received Import Request.
  Time since last request: 0.000029 seconds.
  path: Assets/Fantasy Cyberpunk UI Pack/Cyberpunk UI Resources/SlicedElements/9Shop/Icon_Emission line.png
  artifactKey: Guid(16e8c64ec680a7948b9fa37a7fd11018) Importer(815301076,1909f56bfc062723c751e8b465ee728b)
Start importing Assets/Fantasy Cyberpunk UI Pack/Cyberpunk UI Resources/SlicedElements/9Shop/Icon_Emission line.png using Guid(16e8c64ec680a7948b9fa37a7fd11018) Importer(815301076,1909f56bfc062723c751e8b465ee728b)  -> (artifact id: 'e0c17c37b0e8bd9006ba8a238b5f2175') in 0.197958 seconds 
========================================================================
Received Import Request.
  Time since last request: 0.000017 seconds.
  path: Assets/Fantasy Cyberpunk UI Pack/Cyberpunk UI Resources/SlicedElements/Icons0/Icon_Example2.png
  artifactKey: Guid(6595867ddf095db4f92ac7e9044c8457) Importer(815301076,1909f56bfc062723c751e8b465ee728b)
Start importing Assets/Fantasy Cyberpunk UI Pack/Cyberpunk UI Resources/SlicedElements/Icons0/Icon_Example2.png using Guid(6595867ddf095db4f92ac7e9044c8457) Importer(815301076,1909f56bfc062723c751e8b465ee728b)  -> (artifact id: 'f36da90a9d297393f298ae74cbd9b4f3') in 0.154200 seconds 
========================================================================
Received Import Request.
  Time since last request: 0.000022 seconds.
  path: Assets/Fantasy Cyberpunk UI Pack/Cyberpunk UI Resources/SlicedElements/Icons_White/Icon_Gift256.png
  artifactKey: Guid(0739e22bc8695ff4ba221ecc97ed7039) Importer(815301076,1909f56bfc062723c751e8b465ee728b)
Start importing Assets/Fantasy Cyberpunk UI Pack/Cyberpunk UI Resources/SlicedElements/Icons_White/Icon_Gift256.png using Guid(0739e22bc8695ff4ba221ecc97ed7039) Importer(815301076,1909f56bfc062723c751e8b465ee728b)  -> (artifact id: '7a627db2cd035ce0a614f9520e8b5371') in 0.145679 seconds 
========================================================================
Received Import Request.
  Time since last request: 0.000036 seconds.
  path: Assets/Fantasy Cyberpunk UI Pack/Cyberpunk UI Resources/SlicedElements/Components2/Icon_Left.png
  artifactKey: Guid(fefda6cfddeba124fb7b2d10539b062e) Importer(815301076,1909f56bfc062723c751e8b465ee728b)
Start importing Assets/Fantasy Cyberpunk UI Pack/Cyberpunk UI Resources/SlicedElements/Components2/Icon_Left.png using Guid(fefda6cfddeba124fb7b2d10539b062e) Importer(815301076,1909f56bfc062723c751e8b465ee728b)  -> (artifact id: '6fe9231c5c6665bf72493cf44336cace') in 0.473220 seconds 
========================================================================
Received Import Request.
  Time since last request: 0.000022 seconds.
  path: Assets/Fantasy Cyberpunk UI Pack/Cyberpunk UI Resources/SlicedElements/Icons_White/Icon_Home256.png
  artifactKey: Guid(eac0020f766c5594dbc787adf9fa27c5) Importer(815301076,1909f56bfc062723c751e8b465ee728b)
Start importing Assets/Fantasy Cyberpunk UI Pack/Cyberpunk UI Resources/SlicedElements/Icons_White/Icon_Home256.png using Guid(eac0020f766c5594dbc787adf9fa27c5) Importer(815301076,1909f56bfc062723c751e8b465ee728b)  -> (artifact id: '7508b1f5ae275ffc3e31c62cad0853b1') in 0.425206 seconds 
========================================================================
Received Import Request.
  Time since last request: 0.000019 seconds.
  path: Assets/Fantasy Cyberpunk UI Pack/Cyberpunk UI Resources/SlicedElements/Icons_White/Icon_lightning256.png
  artifactKey: Guid(93fb8e112e735814bb4326af02420bdf) Importer(815301076,1909f56bfc062723c751e8b465ee728b)
Start importing Assets/Fantasy Cyberpunk UI Pack/Cyberpunk UI Resources/SlicedElements/Icons_White/Icon_lightning256.png using Guid(93fb8e112e735814bb4326af02420bdf) Importer(815301076,1909f56bfc062723c751e8b465ee728b)  -> (artifact id: 'e5c81253143c4d0808c56bbba54bac3b') in 0.404213 seconds 
========================================================================
Received Import Request.
  Time since last request: 0.000027 seconds.
  path: Assets/Fantasy Cyberpunk UI Pack/Cyberpunk UI Resources/SlicedElements/Icons_White/Icon_Complete256.png
  artifactKey: Guid(d0979b093aa4bd445b9b620e73bce10e) Importer(815301076,1909f56bfc062723c751e8b465ee728b)
Start importing Assets/Fantasy Cyberpunk UI Pack/Cyberpunk UI Resources/SlicedElements/Icons_White/Icon_Complete256.png using Guid(d0979b093aa4bd445b9b620e73bce10e) Importer(815301076,1909f56bfc062723c751e8b465ee728b)  -> (artifact id: 'b691000d5d3ac4accc4f7580918a67ec') in 0.154264 seconds 
========================================================================
Received Import Request.
  Time since last request: 0.000022 seconds.
  path: Assets/Fantasy Cyberpunk UI Pack/Cyberpunk UI Resources/SlicedElements/Icons0/Icon_Diamond0.png
  artifactKey: Guid(0d69c759c568bef42bd11f2b7d0b18da) Importer(815301076,1909f56bfc062723c751e8b465ee728b)
Start importing Assets/Fantasy Cyberpunk UI Pack/Cyberpunk UI Resources/SlicedElements/Icons0/Icon_Diamond0.png using Guid(0d69c759c568bef42bd11f2b7d0b18da) Importer(815301076,1909f56bfc062723c751e8b465ee728b)  -> (artifact id: 'e4ad5ac4fff3c183e73dd08e1596cda7') in 0.200811 seconds 
========================================================================
Received Import Request.
  Time since last request: 0.000022 seconds.
  path: Assets/Fantasy Cyberpunk UI Pack/Cyberpunk UI Resources/SlicedElements/Icons_White/Icon_Life256.png
  artifactKey: Guid(4f81a1c2e782a3942b9e58663aa62bb0) Importer(815301076,1909f56bfc062723c751e8b465ee728b)
Start importing Assets/Fantasy Cyberpunk UI Pack/Cyberpunk UI Resources/SlicedElements/Icons_White/Icon_Life256.png using Guid(4f81a1c2e782a3942b9e58663aa62bb0) Importer(815301076,1909f56bfc062723c751e8b465ee728b)  -> (artifact id: '492392e675685553c774ac343c74737a') in 0.157283 seconds 
========================================================================
Received Import Request.
  Time since last request: 0.000018 seconds.
  path: Assets/Fantasy Cyberpunk UI Pack/Cyberpunk UI Resources/SlicedElements/Components2/Icon_Right.png
  artifactKey: Guid(cbab476c7ddb24745bbf5c7d3b1a2d7a) Importer(815301076,1909f56bfc062723c751e8b465ee728b)
Start importing Assets/Fantasy Cyberpunk UI Pack/Cyberpunk UI Resources/SlicedElements/Components2/Icon_Right.png using Guid(cbab476c7ddb24745bbf5c7d3b1a2d7a) Importer(815301076,1909f56bfc062723c751e8b465ee728b)  -> (artifact id: '4be2b721eeb400b59421b4beac3b07d8') in 0.072006 seconds 
========================================================================
Received Import Request.
  Time since last request: 0.000024 seconds.
  path: Assets/Fantasy Cyberpunk UI Pack/Cyberpunk UI Resources/SlicedElements/Components2/Icon_SelectedPurple.png
  artifactKey: Guid(77f2809f9a31b5f458ec5a3fcd7d6140) Importer(815301076,1909f56bfc062723c751e8b465ee728b)
Start importing Assets/Fantasy Cyberpunk UI Pack/Cyberpunk UI Resources/SlicedElements/Components2/Icon_SelectedPurple.png using Guid(77f2809f9a31b5f458ec5a3fcd7d6140) Importer(815301076,1909f56bfc062723c751e8b465ee728b)  -> (artifact id: '4a620d62ab7e83d884f4fd2cb4365d32') in 0.121057 seconds 
========================================================================
Received Import Request.
  Time since last request: 0.000016 seconds.
  path: Assets/Fantasy Cyberpunk UI Pack/Cyberpunk UI Resources/SlicedElements/Icons0/Icon_Run0.png
  artifactKey: Guid(f4e5cc1760ba44c44bc3c6bc44d82992) Importer(815301076,1909f56bfc062723c751e8b465ee728b)
Start importing Assets/Fantasy Cyberpunk UI Pack/Cyberpunk UI Resources/SlicedElements/Icons0/Icon_Run0.png using Guid(f4e5cc1760ba44c44bc3c6bc44d82992) Importer(815301076,1909f56bfc062723c751e8b465ee728b)  -> (artifact id: '33689c60f05783e9a5f4426ee9d26a21') in 0.160847 seconds 
========================================================================
Received Import Request.
  Time since last request: 0.000017 seconds.
  path: Assets/Fantasy Cyberpunk UI Pack/Cyberpunk UI Resources/SlicedElements/Icons_White/Icon_Previous256.png
  artifactKey: Guid(7c9e586afdd468c4c9536e048e3a0237) Importer(815301076,1909f56bfc062723c751e8b465ee728b)
Start importing Assets/Fantasy Cyberpunk UI Pack/Cyberpunk UI Resources/SlicedElements/Icons_White/Icon_Previous256.png using Guid(7c9e586afdd468c4c9536e048e3a0237) Importer(815301076,1909f56bfc062723c751e8b465ee728b)  -> (artifact id: '8ee4ebe83e59596dfbe7db9cdd9ff980') in 0.177469 seconds 
========================================================================
Received Import Request.
  Time since last request: 0.000022 seconds.
  path: Assets/Fantasy Cyberpunk UI Pack/Cyberpunk UI Resources/SlicedElements/Components2/Icon_SelectedGreen.png
  artifactKey: Guid(81af36205641e9e4bab180ce38a83818) Importer(815301076,1909f56bfc062723c751e8b465ee728b)
Start importing Assets/Fantasy Cyberpunk UI Pack/Cyberpunk UI Resources/SlicedElements/Components2/Icon_SelectedGreen.png using Guid(81af36205641e9e4bab180ce38a83818) Importer(815301076,1909f56bfc062723c751e8b465ee728b)  -> (artifact id: '23e1f93ab37a46a42452bd9e41671eef') in 0.124617 seconds 
========================================================================
Received Import Request.
  Time since last request: 0.946550 seconds.
  path: Assets/Prefabs/MapItemView.prefab
  artifactKey: Guid(5dde172099559ab439682e8e501661d7) Importer(815301076,1909f56bfc062723c751e8b465ee728b)
Start importing Assets/Prefabs/MapItemView.prefab using Guid(5dde172099559ab439682e8e501661d7) Importer(815301076,1909f56bfc062723c751e8b465ee728b)  -> (artifact id: 'ff7dc4fc600205f8053e06e317329960') in 0.073302 seconds 
03.02.2025 9:17:16|Error|<>c__DisplayClass70_0.<receiveRequest>b__0|A timeout has occurred while reading an HTTP request/response.
========================================================================
Received Import Request.
  Time since last request: 162.517910 seconds.
  path: Assets/Prefabs/Maps.prefab
  artifactKey: Guid(092399dce08d9564f8579fb74e1050df) Importer(815301076,1909f56bfc062723c751e8b465ee728b)
Start importing Assets/Prefabs/Maps.prefab using Guid(092399dce08d9564f8579fb74e1050df) Importer(815301076,1909f56bfc062723c751e8b465ee728b)  -> (artifact id: '07917550371a9d7278bc07059100e846') in 0.010087 seconds 
========================================================================
Received Import Request.
  Time since last request: 5.228188 seconds.
  path: Assets/Prefabs/Maps.prefab
  artifactKey: Guid(092399dce08d9564f8579fb74e1050df) Importer(815301076,1909f56bfc062723c751e8b465ee728b)
Start importing Assets/Prefabs/Maps.prefab using Guid(092399dce08d9564f8579fb74e1050df) Importer(815301076,1909f56bfc062723c751e8b465ee728b)  -> (artifact id: 'd77f7869ddbf18a5bad8d398c59f774d') in 0.007443 seconds 
========================================================================
Received Import Request.
  Time since last request: 7.952331 seconds.
  path: Assets/Prefabs/Maps.prefab
  artifactKey: Guid(092399dce08d9564f8579fb74e1050df) Importer(815301076,1909f56bfc062723c751e8b465ee728b)
Start importing Assets/Prefabs/Maps.prefab using Guid(092399dce08d9564f8579fb74e1050df) Importer(815301076,1909f56bfc062723c751e8b465ee728b)  -> (artifact id: 'e22ac1afef303f80fa4ea33caecc2f61') in 0.007404 seconds 
========================================================================
Received Import Request.
  Time since last request: 50.595188 seconds.
  path: Assets/Prefabs/MapItemView.prefab
  artifactKey: Guid(5dde172099559ab439682e8e501661d7) Importer(815301076,1909f56bfc062723c751e8b465ee728b)
Start importing Assets/Prefabs/MapItemView.prefab using Guid(5dde172099559ab439682e8e501661d7) Importer(815301076,1909f56bfc062723c751e8b465ee728b)  -> (artifact id: '0b721b4e79f73e6912e22a7730231421') in 0.006786 seconds 
========================================================================
Received Import Request.
  Time since last request: 181.896842 seconds.
  path: Assets/Prefabs/Maps.prefab
  artifactKey: Guid(092399dce08d9564f8579fb74e1050df) Importer(815301076,1909f56bfc062723c751e8b465ee728b)
Start importing Assets/Prefabs/Maps.prefab using Guid(092399dce08d9564f8579fb74e1050df) Importer(815301076,1909f56bfc062723c751e8b465ee728b)  -> (artifact id: 'd913df2e071c11f725afe9edbd2b4514') in 0.007602 seconds 
========================================================================
Received Import Request.
  Time since last request: 8.321011 seconds.
  path: Assets/Prefabs/Maps.prefab
  artifactKey: Guid(092399dce08d9564f8579fb74e1050df) Importer(815301076,1909f56bfc062723c751e8b465ee728b)
Start importing Assets/Prefabs/Maps.prefab using Guid(092399dce08d9564f8579fb74e1050df) Importer(815301076,1909f56bfc062723c751e8b465ee728b)  -> (artifact id: 'b8c73568a4860b1ab722f5e3b14de4ec') in 0.008090 seconds 
========================================================================
Received Import Request.
  Time since last request: 3.686706 seconds.
  path: Assets/Prefabs/Maps.prefab
  artifactKey: Guid(092399dce08d9564f8579fb74e1050df) Importer(815301076,1909f56bfc062723c751e8b465ee728b)
Start importing Assets/Prefabs/Maps.prefab using Guid(092399dce08d9564f8579fb74e1050df) Importer(815301076,1909f56bfc062723c751e8b465ee728b)  -> (artifact id: '23333f3cf4ffad3efc70ba7ee21ca27d') in 0.008066 seconds 
========================================================================
Received Import Request.
  Time since last request: 3.335185 seconds.
  path: Assets/Prefabs/Maps.prefab
  artifactKey: Guid(092399dce08d9564f8579fb74e1050df) Importer(815301076,1909f56bfc062723c751e8b465ee728b)
Start importing Assets/Prefabs/Maps.prefab using Guid(092399dce08d9564f8579fb74e1050df) Importer(815301076,1909f56bfc062723c751e8b465ee728b)  -> (artifact id: 'f7a7803b72ced1cf77e92621ea680686') in 0.007540 seconds 
========================================================================
Received Import Request.
  Time since last request: 4.309667 seconds.
  path: Assets/Prefabs/Maps.prefab
  artifactKey: Guid(092399dce08d9564f8579fb74e1050df) Importer(815301076,1909f56bfc062723c751e8b465ee728b)
Start importing Assets/Prefabs/Maps.prefab using Guid(092399dce08d9564f8579fb74e1050df) Importer(815301076,1909f56bfc062723c751e8b465ee728b)  -> (artifact id: '73934595e1de7ea804521bc1521d56aa') in 0.008576 seconds 
========================================================================
Received Import Request.
  Time since last request: 1.567274 seconds.
  path: Assets/Prefabs/Maps.prefab
  artifactKey: Guid(092399dce08d9564f8579fb74e1050df) Importer(815301076,1909f56bfc062723c751e8b465ee728b)
Start importing Assets/Prefabs/Maps.prefab using Guid(092399dce08d9564f8579fb74e1050df) Importer(815301076,1909f56bfc062723c751e8b465ee728b)  -> (artifact id: 'a6d1a015286f94062cdd93cdf50dc3f2') in 0.008140 seconds 
========================================================================
Received Import Request.
  Time since last request: 113.188538 seconds.
  path: Assets/Naninovel/Prefabs/ChoiceHandlers/ChoiceHandlerButton.prefab
  artifactKey: Guid(42edc7aecc2c80841908c954370cb307) Importer(815301076,1909f56bfc062723c751e8b465ee728b)
Start importing Assets/Naninovel/Prefabs/ChoiceHandlers/ChoiceHandlerButton.prefab using Guid(42edc7aecc2c80841908c954370cb307) Importer(815301076,1909f56bfc062723c751e8b465ee728b)  -> (artifact id: 'b31c1ed411cbce9def8a7c02d81bca2e') in 0.018984 seconds 
========================================================================
Received Import Request.
  Time since last request: 0.000022 seconds.
  path: Packages/com.unity.collab-proxy/Editor/Collaborate/Assets/Icons/choose-mine-dark@2x.png
  artifactKey: Guid(39c95c5cb14167543b9aa5908c94bb71) Importer(815301076,1909f56bfc062723c751e8b465ee728b)
Start importing Packages/com.unity.collab-proxy/Editor/Collaborate/Assets/Icons/choose-mine-dark@2x.png using Guid(39c95c5cb14167543b9aa5908c94bb71) Importer(815301076,1909f56bfc062723c751e8b465ee728b)  -> (artifact id: 'f86321dc5c3c6c80899084bf4a4eef74') in 0.097375 seconds 
========================================================================
Received Import Request.
  Time since last request: 0.000026 seconds.
  path: Packages/com.unity.collab-proxy/Editor/Collaborate/Assets/Icons/choose-mine-light.png
  artifactKey: Guid(2c0bdcbf152ceb64ba9b01cc370a9092) Importer(815301076,1909f56bfc062723c751e8b465ee728b)
Start importing Packages/com.unity.collab-proxy/Editor/Collaborate/Assets/Icons/choose-mine-light.png using Guid(2c0bdcbf152ceb64ba9b01cc370a9092) Importer(815301076,1909f56bfc062723c751e8b465ee728b)  -> (artifact id: 'bd8d10cd19cf9397d09394c248897c0f') in 0.047348 seconds 
========================================================================
Received Import Request.
  Time since last request: 12.953587 seconds.
  path: Assets/Naninovel/Prefabs/ChoiceHandlers/ChoiceHandlerButton.prefab
  artifactKey: Guid(42edc7aecc2c80841908c954370cb307) Importer(815301076,1909f56bfc062723c751e8b465ee728b)
Start importing Assets/Naninovel/Prefabs/ChoiceHandlers/ChoiceHandlerButton.prefab using Guid(42edc7aecc2c80841908c954370cb307) Importer(815301076,1909f56bfc062723c751e8b465ee728b)  -> (artifact id: 'f788e01beff63f7c5d22007b8313bac9') in 0.006051 seconds 
========================================================================
Received Prepare
Registering precompiled user dll's ...
Registered in 0.007159 seconds.
Begin MonoManager ReloadAssembly
03.02.2025 9:35:01|Fatal|WebSocketServer.receiveRequest|Thread was being aborted.
Symbol file LoadedFromMemory doesn't match image D:\Tests\novell\Новая папка\MyNovell_2.0\Library\PackageCache\com.unity.visualscripting@1.7.8\Editor\VisualScripting.Core\Dependencies\YamlDotNet\Unity.VisualScripting.YamlDotNet.dll
Symbol file LoadedFromMemory doesn't match image D:\Tests\novell\Новая папка\MyNovell_2.0\Library\PackageCache\com.unity.visualscripting@1.7.8\Editor\VisualScripting.Core\Dependencies\DotNetZip\Unity.VisualScripting.IonicZip.dll
Native extension for WindowsStandalone target not found
Native extension for Android target not found
Refreshing native plugins compatible for Editor in 1.79 ms, found 4 plugins.
Preloading 0 native plugins for Editor in 0.00 ms.
System.Reflection.TargetInvocationException: Exception has been thrown by the target of an invocation. ---> System.InvalidOperationException: The underlying listener has failed to start. ---> System.Net.Sockets.SocketException: Обычно разрешается только одно использование адреса сокета (протокол/сетевой адрес/порт).
UnityEngine.StackTraceUtility:ExtractStackTrace ()
UnityEngine.DebugLogHandler:LogFormat (UnityEngine.LogType,UnityEngine.Object,string,object[])
UnityEngine.Logger:Log (UnityEngine.LogType,object)
UnityEngine.Debug:LogError (object)
UnityEditor.EditorAssemblies:ProcessInitializeOnLoadMethodAttributes ()

Mono: successfully reloaded assembly
- Completed reload, in  1.693 seconds
Domain Reload Profiling:
	ReloadAssembly (1694ms)
		BeginReloadAssembly (123ms)
			ExecutionOrderSort (0ms)
			DisableScriptedObjects (6ms)
			BackupInstance (0ms)
			ReleaseScriptingObjects (0ms)
			CreateAndSetChildDomain (44ms)
		EndReloadAssembly (1462ms)
			LoadAssemblies (80ms)
			RebuildTransferFunctionScriptingTraits (0ms)
			SetupTypeCache (306ms)
			ReleaseScriptCaches (1ms)
			RebuildScriptCaches (58ms)
			SetupLoadedEditorAssemblies (962ms)
				LogAssemblyErrors (0ms)
				InitializePlatformSupportModulesInManaged (23ms)
				SetLoadedEditorAssemblies (1ms)
				RefreshPlugins (2ms)
				BeforeProcessingInitializeOnLoad (89ms)
				ProcessInitializeOnLoadAttributes (220ms)
				ProcessInitializeOnLoadMethodAttributes (625ms)
				AfterProcessingInitializeOnLoad (2ms)
				EditorAssembliesLoaded (0ms)
			ExecutionOrderSort2 (0ms)
			AwakeInstancesAfterBackupRestoration (7ms)
Platform modules already initialized, skipping
Refreshing native plugins compatible for Editor in 2.22 ms, found 4 plugins.
Preloading 0 native plugins for Editor in 0.00 ms.
Unloading 5023 Unused Serialized files (Serialized files now loaded: 0)
Unloading 35 unused Assets / (27.2 KB). Loaded Objects now: 5545.
Memory consumption went from 183.2 MB to 183.2 MB.
Total: 3.605800 ms (FindLiveObjects: 0.323400 ms CreateObjectMapping: 0.267300 ms MarkObjects: 2.953500 ms  DeleteObjects: 0.060800 ms)

AssetImportParameters requested are different than current active one (requested -> active):
  custom:video-decoder-ogg-theora: a1e56fd34408186e4bbccfd4996cb3dc -> 
  custom:container-muxer-webm: aa71ff27fc2769a1b78a27578f13a17b -> 
  custom:container-demuxer-webm: 4f35f7cbe854078d1ac9338744f61a02 -> 
  custom:video-encoder-webm-vp8: eb34c28f22e8b96e1ab97ce403110664 -> 
  custom:audio-encoder-webm-vorbis: bf7c407c2cedff20999df2af8eb42d56 -> 
  custom:framework-win-MediaFoundation: 216162199b28c13a410421893ffa2e32 -> 
  custom:container-demuxer-ogg: 62fdf1f143b41e24485cea50d1cbac27 -> 
  custom:video-decoder-webm-vp8: 9c59270c3fd7afecdb556c50c9e8de78 -> 
  custom:audio-decoder-ogg-vorbis: bf7c407c2cedff20999df2af8eb42d56 -> 
========================================================================
Received Prepare
Registering precompiled user dll's ...
Registered in 0.005610 seconds.
Begin MonoManager ReloadAssembly
Symbol file LoadedFromMemory doesn't match image D:\Tests\novell\Новая папка\MyNovell_2.0\Library\PackageCache\com.unity.visualscripting@1.7.8\Editor\VisualScripting.Core\Dependencies\YamlDotNet\Unity.VisualScripting.YamlDotNet.dll
Symbol file LoadedFromMemory doesn't match image D:\Tests\novell\Новая папка\MyNovell_2.0\Library\PackageCache\com.unity.visualscripting@1.7.8\Editor\VisualScripting.Core\Dependencies\DotNetZip\Unity.VisualScripting.IonicZip.dll
Native extension for WindowsStandalone target not found
Native extension for Android target not found
Refreshing native plugins compatible for Editor in 1.57 ms, found 4 plugins.
Preloading 0 native plugins for Editor in 0.00 ms.
Mono: successfully reloaded assembly
- Completed reload, in  1.777 seconds
Domain Reload Profiling:
	ReloadAssembly (1778ms)
		BeginReloadAssembly (129ms)
			ExecutionOrderSort (0ms)
			DisableScriptedObjects (5ms)
			BackupInstance (0ms)
			ReleaseScriptingObjects (0ms)
			CreateAndSetChildDomain (42ms)
		EndReloadAssembly (1548ms)
			LoadAssemblies (90ms)
			RebuildTransferFunctionScriptingTraits (0ms)
			SetupTypeCache (366ms)
			ReleaseScriptCaches (2ms)
			RebuildScriptCaches (53ms)
			SetupLoadedEditorAssemblies (978ms)
				LogAssemblyErrors (0ms)
				InitializePlatformSupportModulesInManaged (27ms)
				SetLoadedEditorAssemblies (1ms)
				RefreshPlugins (2ms)
				BeforeProcessingInitializeOnLoad (74ms)
				ProcessInitializeOnLoadAttributes (251ms)
				ProcessInitializeOnLoadMethodAttributes (621ms)
				AfterProcessingInitializeOnLoad (3ms)
				EditorAssembliesLoaded (0ms)
			ExecutionOrderSort2 (0ms)
			AwakeInstancesAfterBackupRestoration (7ms)
Platform modules already initialized, skipping
Refreshing native plugins compatible for Editor in 3.07 ms, found 4 plugins.
Preloading 0 native plugins for Editor in 0.00 ms.
Unloading 5023 Unused Serialized files (Serialized files now loaded: 0)
Unloading 33 unused Assets / (24.6 KB). Loaded Objects now: 5552.
Memory consumption went from 183.2 MB to 183.2 MB.
Total: 3.887700 ms (FindLiveObjects: 0.465100 ms CreateObjectMapping: 0.490600 ms MarkObjects: 2.891700 ms  DeleteObjects: 0.039400 ms)

AssetImportParameters requested are different than current active one (requested -> active):
  custom:video-decoder-ogg-theora: a1e56fd34408186e4bbccfd4996cb3dc -> 
  custom:container-muxer-webm: aa71ff27fc2769a1b78a27578f13a17b -> 
  custom:container-demuxer-webm: 4f35f7cbe854078d1ac9338744f61a02 -> 
  custom:video-encoder-webm-vp8: eb34c28f22e8b96e1ab97ce403110664 -> 
  custom:audio-encoder-webm-vorbis: bf7c407c2cedff20999df2af8eb42d56 -> 
  custom:framework-win-MediaFoundation: 216162199b28c13a410421893ffa2e32 -> 
  custom:container-demuxer-ogg: 62fdf1f143b41e24485cea50d1cbac27 -> 
  custom:video-decoder-webm-vp8: 9c59270c3fd7afecdb556c50c9e8de78 -> 
  custom:audio-decoder-ogg-vorbis: bf7c407c2cedff20999df2af8eb42d56 -> 
03.02.2025 9:50:31|Error|<>c__DisplayClass70_0.<receiveRequest>b__0|A timeout has occurred while reading an HTTP request/response.
03.02.2025 9:50:31|Error|<>c__DisplayClass70_0.<receiveRequest>b__0|A timeout has occurred while reading an HTTP request/response.
========================================================================
Received Prepare
Registering precompiled user dll's ...
Registered in 0.005802 seconds.
Begin MonoManager ReloadAssembly
03.02.2025 9:50:32|Fatal|WebSocketServer.receiveRequest|Thread was being aborted.
Symbol file LoadedFromMemory doesn't match image D:\Tests\novell\Новая папка\MyNovell_2.0\Library\PackageCache\com.unity.visualscripting@1.7.8\Editor\VisualScripting.Core\Dependencies\YamlDotNet\Unity.VisualScripting.YamlDotNet.dll
Symbol file LoadedFromMemory doesn't match image D:\Tests\novell\Новая папка\MyNovell_2.0\Library\PackageCache\com.unity.visualscripting@1.7.8\Editor\VisualScripting.Core\Dependencies\DotNetZip\Unity.VisualScripting.IonicZip.dll
Native extension for WindowsStandalone target not found
Native extension for Android target not found
Refreshing native plugins compatible for Editor in 0.90 ms, found 4 plugins.
Preloading 0 native plugins for Editor in 0.00 ms.
Mono: successfully reloaded assembly
- Completed reload, in  1.636 seconds
Domain Reload Profiling:
	ReloadAssembly (1637ms)
		BeginReloadAssembly (124ms)
			ExecutionOrderSort (0ms)
			DisableScriptedObjects (5ms)
			BackupInstance (0ms)
			ReleaseScriptingObjects (0ms)
			CreateAndSetChildDomain (42ms)
		EndReloadAssembly (1424ms)
			LoadAssemblies (84ms)
			RebuildTransferFunctionScriptingTraits (0ms)
			SetupTypeCache (321ms)
			ReleaseScriptCaches (1ms)
			RebuildScriptCaches (44ms)
			SetupLoadedEditorAssemblies (943ms)
				LogAssemblyErrors (0ms)
				InitializePlatformSupportModulesInManaged (19ms)
				SetLoadedEditorAssemblies (1ms)
				RefreshPlugins (1ms)
				BeforeProcessingInitializeOnLoad (71ms)
				ProcessInitializeOnLoadAttributes (229ms)
				ProcessInitializeOnLoadMethodAttributes (619ms)
				AfterProcessingInitializeOnLoad (2ms)
				EditorAssembliesLoaded (0ms)
			ExecutionOrderSort2 (0ms)
			AwakeInstancesAfterBackupRestoration (6ms)
Platform modules already initialized, skipping
Refreshing native plugins compatible for Editor in 2.16 ms, found 4 plugins.
Preloading 0 native plugins for Editor in 0.00 ms.
Unloading 5023 Unused Serialized files (Serialized files now loaded: 0)
Unloading 33 unused Assets / (24.7 KB). Loaded Objects now: 5559.
Memory consumption went from 183.2 MB to 183.2 MB.
Total: 4.598600 ms (FindLiveObjects: 0.493300 ms CreateObjectMapping: 0.612700 ms MarkObjects: 3.448500 ms  DeleteObjects: 0.042700 ms)

AssetImportParameters requested are different than current active one (requested -> active):
  custom:video-decoder-ogg-theora: a1e56fd34408186e4bbccfd4996cb3dc -> 
  custom:container-muxer-webm: aa71ff27fc2769a1b78a27578f13a17b -> 
  custom:container-demuxer-webm: 4f35f7cbe854078d1ac9338744f61a02 -> 
  custom:video-encoder-webm-vp8: eb34c28f22e8b96e1ab97ce403110664 -> 
  custom:audio-encoder-webm-vorbis: bf7c407c2cedff20999df2af8eb42d56 -> 
  custom:framework-win-MediaFoundation: 216162199b28c13a410421893ffa2e32 -> 
  custom:container-demuxer-ogg: 62fdf1f143b41e24485cea50d1cbac27 -> 
  custom:video-decoder-webm-vp8: 9c59270c3fd7afecdb556c50c9e8de78 -> 
  custom:audio-decoder-ogg-vorbis: bf7c407c2cedff20999df2af8eb42d56 -> 
03.02.2025 9:52:04|Error|<>c__DisplayClass70_0.<receiveRequest>b__0|A timeout has occurred while reading an HTTP request/response.
03.02.2025 9:52:04|Error|<>c__DisplayClass70_0.<receiveRequest>b__0|A timeout has occurred while reading an HTTP request/response.
========================================================================
Received Prepare
Refreshing native plugins compatible for Editor in 7.36 ms, found 4 plugins.
Preloading 0 native plugins for Editor in 0.00 ms.
Unloading 33 Unused Serialized files (Serialized files now loaded: 0)
Unloading 33 unused Assets / (22.0 KB). Loaded Objects now: 5559.
Memory consumption went from 83.5 MB to 83.5 MB.
Total: 4.741300 ms (FindLiveObjects: 0.441600 ms CreateObjectMapping: 0.467200 ms MarkObjects: 3.782100 ms  DeleteObjects: 0.049200 ms)

AssetImportParameters requested are different than current active one (requested -> active):
  custom:video-decoder-ogg-theora: a1e56fd34408186e4bbccfd4996cb3dc -> 
  custom:container-muxer-webm: aa71ff27fc2769a1b78a27578f13a17b -> 
  custom:container-demuxer-webm: 4f35f7cbe854078d1ac9338744f61a02 -> 
  custom:video-encoder-webm-vp8: eb34c28f22e8b96e1ab97ce403110664 -> 
  custom:audio-encoder-webm-vorbis: bf7c407c2cedff20999df2af8eb42d56 -> 
  custom:framework-win-MediaFoundation: 216162199b28c13a410421893ffa2e32 -> 
  custom:container-demuxer-ogg: 62fdf1f143b41e24485cea50d1cbac27 -> 
  custom:video-decoder-webm-vp8: 9c59270c3fd7afecdb556c50c9e8de78 -> 
  custom:audio-decoder-ogg-vorbis: bf7c407c2cedff20999df2af8eb42d56 -> 
